18:39:02.772 INFO - Selenium build info: version: '3.4.0', revision: 'unknown'
18:39:02.775 INFO - Launching a standalone Selenium Server
2020-07-22 18:39:02.938:INFO::main: Logging initialized @1342ms to org.seleniumhq.jetty9.util.log.StdErrLog
18:39:03.180 INFO - Driver class not found: com.opera.core.systems.OperaDriver
18:39:03.180 INFO - Driver provider com.opera.core.systems.OperaDriver registration is skipped:
Unable to create new instances on this machine.
18:39:03.180 INFO - Driver class not found: com.opera.core.systems.OperaDriver
18:39:03.180 INFO - Driver provider com.opera.core.systems.OperaDriver is not registered
18:39:03.188 INFO - Driver provider org.openqa.selenium.safari.SafariDriver registration is skipped:
 registration capabilities Capabilities [{browserName=safari, version=, platform=MAC}] does not match the current platform WIN8_1
2020-07-22 18:39:03.407:INFO:osjs.Server:main: jetty-9.4.3.v20170317
2020-07-22 18:39:03.600:INFO:osjsh.ContextHandler:main: Started o.s.j.s.ServletContextHandler@28d25987{/,null,AVAILABLE}
2020-07-22 18:39:04.080:INFO:osjs.AbstractConnector:main: Started ServerConnector@656f6a1f{HTTP/1.1,[http/1.1]}{0.0.0.0:4444}
2020-07-22 18:39:04.083:INFO:osjs.Server:main: Started @2488ms
18:39:04.084 INFO - Selenium Server is up and running
18:39:06.818 INFO - SessionCleaner initialized with insideBrowserTimeout 0 and clientGoneTimeout 1800000 polling every 180000
18:39:06.936 INFO - Executing: [new session: Capabilities [{acceptSslCerts=true, marionette=true, browserName=chrome, javascriptEnabled=true, platform=ANY}]])
18:39:06.992 INFO - Creating a new session for Capabilities [{acceptSslCerts=true, marionette=true, browserName=chrome, javascriptEnabled=true, platform=ANY}]
Starting ChromeDriver 84.0.4147.30 (48b3e868b4cc0aa7e8149519690b6f6949e110a8-refs/branch-heads/4147@{#310}) on port 42276
Only local connections are allowed.
Please see https://chromedriver.chromium.org/security-considerations for suggestions on keeping ChromeDriver safe.
ChromeDriver was started successfully.
18:39:12.198 INFO - Detected dialect: W3C
18:39:12.287 INFO - Done: [new session: Capabilities [{acceptSslCerts=true, marionette=true, browserName=chrome, javascriptEnabled=true, platform=ANY}]]
18:39:12.400 INFO - Executing: [get: https://www.cambridgeone.org?p=@cambridge.org&t=saml])
18:39:16.717 INFO - Done: [get: https://www.cambridgeone.org?p=@cambridge.org&t=saml]
18:39:26.744 INFO - Executing: [get window handles])
18:39:26.771 INFO - Done: [get window handles]
18:39:26.824 INFO - Executing: [switch to window: CDwindow-67D6F8F36B52BB786CA99B4D4F52A61C])
18:39:26.856 INFO - Done: [switch to window: CDwindow-67D6F8F36B52BB786CA99B4D4F52A61C]
18:39:26.884 INFO - Executing: [find elements: By.cssSelector: #okta-signin-username])
18:39:28.054 INFO - Done: [find elements: By.cssSelector: #okta-signin-username]
18:39:28.088 INFO - Executing: [is displayed: 0 [[ChromeDriver: chrome on ANY (bfbcf18ee012bfb73b6350dfe6e93a84)] -> css selector: #okta-signin-username]])
18:39:28.284 INFO - Done: [is displayed: 0 [[ChromeDriver: chrome on ANY (bfbcf18ee012bfb73b6350dfe6e93a84)] -> css selector: #okta-signin-username]]
18:39:28.324 INFO - Executing: [find element: By.cssSelector: #okta-signin-username])
18:39:28.374 INFO - Done: [find element: By.cssSelector: #okta-signin-username]
18:39:28.389 INFO - Executing: [send keys: 0 [[ChromeDriver: chrome on ANY (bfbcf18ee012bfb73b6350dfe6e93a84)] -> css selector: #okta-signin-username], [m, m, e, h, t, a]])
18:39:28.614 INFO - Done: [send keys: 0 [[ChromeDriver: chrome on ANY (bfbcf18ee012bfb73b6350dfe6e93a84)] -> css selector: #okta-signin-username], [m, m, e, h, t, a]]
18:39:28.630 INFO - Executing: [find element: By.cssSelector: #okta-signin-password])
18:39:28.691 INFO - Done: [find element: By.cssSelector: #okta-signin-password]
18:39:28.715 INFO - Executing: [send keys: 1 [[ChromeDriver: chrome on ANY (bfbcf18ee012bfb73b6350dfe6e93a84)] -> css selector: #okta-signin-password], [4, L, S, C, u, d, a, y, p, a, r, k, #, 2]])
18:39:29.128 INFO - Done: [send keys: 1 [[ChromeDriver: chrome on ANY (bfbcf18ee012bfb73b6350dfe6e93a84)] -> css selector: #okta-signin-password], [4, L, S, C, u, d, a, y, p, a, r, k, #, 2]]
18:39:29.147 INFO - Executing: [find elements: By.cssSelector: #okta-signin-submit])
18:39:29.226 INFO - Done: [find elements: By.cssSelector: #okta-signin-submit]
18:39:29.258 INFO - Executing: [is displayed: 2 [[ChromeDriver: chrome on ANY (bfbcf18ee012bfb73b6350dfe6e93a84)] -> css selector: #okta-signin-submit]])
18:39:29.651 INFO - Done: [is displayed: 2 [[ChromeDriver: chrome on ANY (bfbcf18ee012bfb73b6350dfe6e93a84)] -> css selector: #okta-signin-submit]]
18:39:29.675 INFO - Executing: [find element: By.cssSelector: #okta-signin-submit])
18:39:30.008 INFO - Done: [find element: By.cssSelector: #okta-signin-submit]
18:39:30.032 INFO - Executing: [click: 2 [[ChromeDriver: chrome on ANY (bfbcf18ee012bfb73b6350dfe6e93a84)] -> css selector: #okta-signin-submit]])
18:39:30.386 INFO - Done: [click: 2 [[ChromeDriver: chrome on ANY (bfbcf18ee012bfb73b6350dfe6e93a84)] -> css selector: #okta-signin-submit]]
18:39:30.409 INFO - Executing: [find elements: By.cssSelector: [name="answer"]])
18:39:30.461 INFO - Done: [find elements: By.cssSelector: [name="answer"]]
18:39:30.983 INFO - Executing: [find elements: By.cssSelector: [name="answer"]])
18:39:31.039 INFO - Done: [find elements: By.cssSelector: [name="answer"]]
18:39:31.571 INFO - Executing: [find elements: By.cssSelector: [name="answer"]])
18:39:31.623 INFO - Done: [find elements: By.cssSelector: [name="answer"]]
18:39:32.140 INFO - Executing: [find elements: By.cssSelector: [name="answer"]])
18:39:32.413 INFO - Done: [find elements: By.cssSelector: [name="answer"]]
18:39:32.427 INFO - Executing: [is displayed: 3 [[ChromeDriver: chrome on ANY (bfbcf18ee012bfb73b6350dfe6e93a84)] -> css selector: [name="answer"]]])
18:39:32.711 INFO - Done: [is displayed: 3 [[ChromeDriver: chrome on ANY (bfbcf18ee012bfb73b6350dfe6e93a84)] -> css selector: [name="answer"]]]
18:39:32.731 INFO - Executing: [find element: By.cssSelector: [name="answer"]])
18:39:32.845 INFO - Done: [find element: By.cssSelector: [name="answer"]]
18:39:32.865 INFO - Executing: [send keys: 3 [[ChromeDriver: chrome on ANY (bfbcf18ee012bfb73b6350dfe6e93a84)] -> css selector: [name="answer"]], [b, h, i, w, a, n, i]])
18:39:33.120 INFO - Done: [send keys: 3 [[ChromeDriver: chrome on ANY (bfbcf18ee012bfb73b6350dfe6e93a84)] -> css selector: [name="answer"]], [b, h, i, w, a, n, i]]
18:39:33.138 INFO - Executing: [find elements: By.cssSelector: input[value="Verify"]])
18:39:33.201 INFO - Done: [find elements: By.cssSelector: input[value="Verify"]]
18:39:33.217 INFO - Executing: [is displayed: 4 [[ChromeDriver: chrome on ANY (bfbcf18ee012bfb73b6350dfe6e93a84)] -> css selector: input[value="Verify"]]])
18:39:33.291 INFO - Done: [is displayed: 4 [[ChromeDriver: chrome on ANY (bfbcf18ee012bfb73b6350dfe6e93a84)] -> css selector: input[value="Verify"]]]
18:39:33.306 INFO - Executing: [find element: By.cssSelector: input[value="Verify"]])
18:39:33.356 INFO - Done: [find element: By.cssSelector: input[value="Verify"]]
18:39:33.369 INFO - Executing: [click: 4 [[ChromeDriver: chrome on ANY (bfbcf18ee012bfb73b6350dfe6e93a84)] -> css selector: input[value="Verify"]]])
18:39:33.569 INFO - Done: [click: 4 [[ChromeDriver: chrome on ANY (bfbcf18ee012bfb73b6350dfe6e93a84)] -> css selector: input[value="Verify"]]]
18:39:43.593 INFO - Executing: [get window handles])
18:39:43.624 INFO - Done: [get window handles]
18:39:43.646 INFO - Executing: [switch to window: CDwindow-633A76A01233162FFBAEBB48BCB50909])
18:39:43.680 INFO - Done: [switch to window: CDwindow-633A76A01233162FFBAEBB48BCB50909]
18:39:43.697 INFO - Executing: [get: https://www.cambridgeone.org/support-admin/dashboard?q=nrstudent01@cup.org&group=user])
18:39:56.353 INFO - Done: [get: https://www.cambridgeone.org/support-admin/dashboard?q=nrstudent01@cup.org&group=user]
18:39:56.385 INFO - Executing: [execute script: var passedArgs = Array.prototype.slice.call(arguments,0); return function clientListen() {
    var getXhr = function getXhr(id) {
        return window.xhrListen.find(function (xhr) {
            return xhr.id === id;
        });
    };
    var rand = function rand() {
        return Math.random() * 16 | 0;
    };
    var uuidV4 = function uuidV4() {
        return 'xxxxxxxx-xxxx-4xxx-yxxx-xxxxxxxxxxxx'.replace(/[xy]/g, function (c) {
            return (c === 'x' ? rand() : rand() & 0x3 | 0x8).toString(16);
        });
    };

    window.xhrListen = [];

    if (!XMLHttpRequest.customized) {
        XMLHttpRequest.realSend = XMLHttpRequest.prototype.send;
        XMLHttpRequest.realOpen = XMLHttpRequest.prototype.open;

        XMLHttpRequest.prototype.open = function (method, url) {
            this.id = uuidV4();
            window.xhrListen.push({
                id: this.id,
                method: method,
                url: url,
                openedTime: Date.now()
            });
            this.onloadend = function () {
                if (this.readyState === XMLHttpRequest.DONE) {
                    var xhr = getXhr(this.id);
                    if (xhr) {
                        xhr.httpResponseCode = this.status;
                        xhr.responseData = this.response;
                        xhr.status = this.status === 200 ? 'success' : 'error';
                        xhr.responseHeaders = this.getAllResponseHeaders();
                    }
                }
            };
            XMLHttpRequest.realOpen.apply(this, arguments);
        };
        XMLHttpRequest.prototype.send = function (data) {
            var xhr = getXhr(this.id);
            if (xhr) xhr.requestData = data;

            XMLHttpRequest.realSend.apply(this, arguments);
        };
        XMLHttpRequest.customized = true;
    }
}.apply(window, passedArgs);, []])
18:39:57.394 INFO - Done: [execute script: var passedArgs = Array.prototype.slice.call(arguments,0); return function clientListen() {
    var getXhr = function getXhr(id) {
        return window.xhrListen.find(function (xhr) {
            return xhr.id === id;
        });
    };
    var rand = function rand() {
        return Math.random() * 16 | 0;
    };
    var uuidV4 = function uuidV4() {
        return 'xxxxxxxx-xxxx-4xxx-yxxx-xxxxxxxxxxxx'.replace(/[xy]/g, function (c) {
            return (c === 'x' ? rand() : rand() & 0x3 | 0x8).toString(16);
        });
    };

    window.xhrListen = [];

    if (!XMLHttpRequest.customized) {
        XMLHttpRequest.realSend = XMLHttpRequest.prototype.send;
        XMLHttpRequest.realOpen = XMLHttpRequest.prototype.open;

        XMLHttpRequest.prototype.open = function (method, url) {
            this.id = uuidV4();
            window.xhrListen.push({
                id: this.id,
                method: method,
                url: url,
                openedTime: Date.now()
            });
            this.onloadend = function () {
                if (this.readyState === XMLHttpRequest.DONE) {
                    var xhr = getXhr(this.id);
                    if (xhr) {
                        xhr.httpResponseCode = this.status;
                        xhr.responseData = this.response;
                        xhr.status = this.status === 200 ? 'success' : 'error';
                        xhr.responseHeaders = this.getAllResponseHeaders();
                    }
                }
            };
            XMLHttpRequest.realOpen.apply(this, arguments);
        };
        XMLHttpRequest.prototype.send = function (data) {
            var xhr = getXhr(this.id);
            if (xhr) xhr.requestData = data;

            XMLHttpRequest.realSend.apply(this, arguments);
        };
        XMLHttpRequest.customized = true;
    }
}.apply(window, passedArgs);, []]
18:40:00.409 INFO - Executing: [find element: By.cssSelector: [qid="sa-usr-11-1"]])
18:40:00.507 INFO - Done: [find element: By.cssSelector: [qid="sa-usr-11-1"]]
18:40:00.523 INFO - Executing: [click: 5 [[ChromeDriver: chrome on ANY (bfbcf18ee012bfb73b6350dfe6e93a84)] -> css selector: [qid="sa-usr-11-1"]]])
18:40:00.825 INFO - Done: [click: 5 [[ChromeDriver: chrome on ANY (bfbcf18ee012bfb73b6350dfe6e93a84)] -> css selector: [qid="sa-usr-11-1"]]]
18:40:00.841 INFO - Executing: [find element: By.cssSelector: [qid=sa-usr-11-2]])
18:40:00.917 INFO - Done: [find element: By.cssSelector: [qid=sa-usr-11-2]]
18:40:00.933 INFO - Executing: [click: 6 [[ChromeDriver: chrome on ANY (bfbcf18ee012bfb73b6350dfe6e93a84)] -> css selector: [qid=sa-usr-11-2]]])
18:40:01.295 INFO - Done: [click: 6 [[ChromeDriver: chrome on ANY (bfbcf18ee012bfb73b6350dfe6e93a84)] -> css selector: [qid=sa-usr-11-2]]]
18:40:16.374 INFO - Executing: [execute script: var passedArgs = Array.prototype.slice.call(arguments,0); return function clientPoll() {
    return window.xhrListen || [];
}.apply(window, passedArgs);, []])
18:40:16.406 INFO - Done: [execute script: var passedArgs = Array.prototype.slice.call(arguments,0); return function clientPoll() {
    return window.xhrListen || [];
}.apply(window, passedArgs);, []]
